<?xml version="1.0"?>
<component name="org.nuxeo.ecm.permissions.tests.properties">

  <require>org.nuxeo.ecm.core.api.properties</require>

  <extension target="org.nuxeo.runtime.ConfigurationService" point="configuration">
    <property name="nuxeo.transient.username.unique">false</property>
  </extension>
</component>
